Nov 04, 2024 12:44:04 PM ds.assign.ring.Server run
INFO: server: endpoint running at port 10000 ...
Nov 04, 2024 12:44:04 PM ds.assign.ring.Server run
INFO: client @localhost waiting for token...
Nov 04, 2024 12:44:38 PM ds.assign.ring.Server run
INFO: server: received token
Nov 04, 2024 12:44:43 PM ds.assign.ring.Server run
INFO: client @localhost sent the token to peer at port 20000
Nov 04, 2024 12:44:43 PM ds.assign.ring.Server run
INFO: client @localhost waiting for token...
Nov 04, 2024 12:45:04 PM ds.assign.ring.Server run
INFO: server: received token
Nov 04, 2024 12:45:09 PM ds.assign.ring.Server run
INFO: client @localhost sent the token to peer at port 20000
Nov 04, 2024 12:45:09 PM ds.assign.ring.Server run
INFO: client @localhost waiting for token...
Nov 04, 2024 12:45:29 PM ds.assign.ring.Server run
INFO: server: received token
Nov 04, 2024 12:45:34 PM ds.assign.ring.Server run
INFO: client @localhost sent the token to peer at port 20000
Nov 04, 2024 12:45:34 PM ds.assign.ring.Server run
INFO: client @localhost waiting for token...
Nov 04, 2024 12:45:54 PM ds.assign.ring.Server run
INFO: server: received token
Nov 04, 2024 12:45:54 PM ds.assign.ring.Server run
INFO: client @10000 RECEIVED result from server: 21.0
Nov 04, 2024 12:45:54 PM ds.assign.ring.Server run
INFO: client @10000 RECEIVED result from server: 0.375
