Nov 04, 2024 12:44:04 PM ds.assign.ring.Server run
INFO: server: endpoint running at port 50000 ...
Nov 04, 2024 12:44:04 PM ds.assign.ring.Server run
INFO: client @localhost waiting for token...
Nov 04, 2024 12:44:59 PM ds.assign.ring.Server run
INFO: server: received token
Nov 04, 2024 12:44:59 PM ds.assign.ring.Server run
INFO: client @50000 RECEIVED result from server: 0.125
Nov 04, 2024 12:44:59 PM ds.assign.ring.Server run
INFO: client @50000 RECEIVED result from server: 19.0
Nov 04, 2024 12:44:59 PM ds.assign.ring.Server run
INFO: client @50000 RECEIVED result from server: -24.0
Nov 04, 2024 12:44:59 PM ds.assign.ring.Server run
INFO: client @50000 RECEIVED result from server: -21.0
Nov 04, 2024 12:44:59 PM ds.assign.ring.Server run
INFO: client @50000 RECEIVED result from server: 47.0
Nov 04, 2024 12:44:59 PM ds.assign.ring.Server run
INFO: client @50000 RECEIVED result from server: 3315.0
Nov 04, 2024 12:45:04 PM ds.assign.ring.Server run
INFO: client @localhost sent the token to peer at port 10000
Nov 04, 2024 12:45:04 PM ds.assign.ring.Server run
INFO: client @localhost waiting for token...
Nov 04, 2024 12:45:24 PM ds.assign.ring.Server run
INFO: server: received token
Nov 04, 2024 12:45:24 PM ds.assign.ring.Server run
INFO: client @50000 RECEIVED result from server: 143.0
Nov 04, 2024 12:45:24 PM ds.assign.ring.Server run
INFO: client @50000 RECEIVED result from server: 2201.0
Nov 04, 2024 12:45:24 PM ds.assign.ring.Server run
INFO: client @50000 RECEIVED result from server: 1738.0
Nov 04, 2024 12:45:29 PM ds.assign.ring.Server run
INFO: client @localhost sent the token to peer at port 10000
Nov 04, 2024 12:45:29 PM ds.assign.ring.Server run
INFO: client @localhost waiting for token...
Nov 04, 2024 12:45:49 PM ds.assign.ring.Server run
INFO: server: received token
Nov 04, 2024 12:45:49 PM ds.assign.ring.Server run
INFO: client @50000 RECEIVED result from server: -75.0
Nov 04, 2024 12:45:49 PM ds.assign.ring.Server run
INFO: client @50000 RECEIVED result from server: 133.0
Nov 04, 2024 12:45:49 PM ds.assign.ring.Server run
INFO: client @50000 RECEIVED result from server: 149.0
Nov 04, 2024 12:45:49 PM ds.assign.ring.Server run
INFO: client @50000 RECEIVED result from server: 455.0
Nov 04, 2024 12:45:49 PM ds.assign.ring.Server run
INFO: client @50000 RECEIVED result from server: 5796.0
Nov 04, 2024 12:45:49 PM ds.assign.ring.Server run
INFO: client @50000 RECEIVED result from server: 33.0
Nov 04, 2024 12:45:49 PM ds.assign.ring.Server run
INFO: client @50000 RECEIVED result from server: 118.0
Nov 04, 2024 12:45:54 PM ds.assign.ring.Server run
INFO: client @localhost sent the token to peer at port 10000
Nov 04, 2024 12:45:54 PM ds.assign.ring.Server run
INFO: client @localhost waiting for token...
