Oct 23, 2024 11:52:53 AM ds.assign.ring.Client run
INFO: client: endpoint running ...

Oct 23, 2024 11:52:53 AM ds.assign.ring.Server run
INFO: server: endpoint running at port 20000 ...
Oct 23, 2024 11:52:54 AM ds.assign.ring.Client run
INFO: client @localhost waiting for token...
Oct 23, 2024 11:52:57 AM ds.assign.ring.Client run
INFO: client @localhost waiting for token...
Oct 23, 2024 11:53:00 AM ds.assign.ring.Client run
INFO: client @localhost waiting for token...
Oct 23, 2024 11:53:03 AM ds.assign.ring.Client run
INFO: client @localhost waiting for token...
Oct 23, 2024 11:53:06 AM ds.assign.ring.Client run
INFO: client @localhost waiting for token...
Oct 23, 2024 11:53:09 AM ds.assign.ring.Client run
INFO: client @localhost waiting for token...
Oct 23, 2024 11:53:12 AM ds.assign.ring.Server run
INFO: server: received token
Oct 23, 2024 11:53:12 AM ds.assign.ring.Client run
INFO: client @20000 RECEIVED result from server: 28.0
Oct 23, 2024 11:53:17 AM ds.assign.ring.Client run
INFO: client @localhost sent the token to peer at port 30000
Oct 23, 2024 11:53:17 AM ds.assign.ring.Client run
INFO: client @localhost waiting for token...
Oct 23, 2024 11:53:20 AM ds.assign.ring.Client run
INFO: client @localhost waiting for token...
Oct 23, 2024 11:53:23 AM ds.assign.ring.Client run
INFO: client @localhost waiting for token...
Oct 23, 2024 11:53:26 AM ds.assign.ring.Client run
INFO: client @localhost waiting for token...
